Packet Send 
tmp|time:: 27.858498|1597916640 
Packet Send 
tmp|time:: 27.830399|1597916671 
Packet Send 
tmp|time:: 27.858498|1597916701 
Packet Send 
tmp|time:: 27.886604|1597916732 
Packet Send 
tmp|time:: 27.940247|1597916763 
Packet Send 
tmp|time:: 27.886604|1597916794 
Packet Send 
tmp|time:: 27.912148|1597916825 
Packet Send 
tmp|time:: 27.886604|1597916856 
Packet Send 
tmp|time:: 27.912148|1597916887 
Packet Send 
tmp|time:: 27.886604|1597916902 
Packet Send 
tmp|time:: 27.912148|1597916933 
Packet Send 
tmp|time:: 27.940247|1597916964 
Packet Send 
tmp|time:: 27.912148|1597916995 
Packet Send 
tmp|time:: 27.912148|1597917026 
Packet Send 
tmp|time:: 27.968346|1597917057 
Packet Send 
tmp|time:: 27.968346|1597917088 
Packet Send 
tmp|time:: 27.886604|1597917119 
Packet Send 
tmp|time:: 27.912148|1597917149 
Packet Send 
tmp|time:: 27.886604|1597917180 
Packet Send 
tmp|time:: 27.968346|1597917211 
Packet Send 
tmp|time:: 27.912148|1597917242 
Packet Send 
tmp|time:: 27.996452|1597917273 
Packet Send 
tmp|time:: 27.940247|1597917304 
Packet Send 
tmp|time:: 27.912148|1597917335 
Packet Send 
tmp|time:: 27.968346|1597917366 
Packet Send 
tmp|time:: 28.025810|1597917397 
Packet Send 
tmp|time:: 27.968346|1597917428 
Packet Send 
tmp|time:: 27.968346|1597917458 
Packet Send 
tmp|time:: 27.940247|1597917474 
Packet Send 
tmp|time:: 27.940247|1597917505 
Packet Send 
tmp|time:: 27.858498|1597917536 
Packet Send 
tmp|time:: 27.940247|1597917567 
Packet Send 
tmp|time:: 27.858498|1597917598 
Packet Send 
tmp|time:: 27.912148|1597917628 
Packet Send 
tmp|time:: 27.912148|1597917659 
Packet Send 
tmp|time:: 27.940247|1597917690 
Packet Send 
tmp|time:: 27.968346|1597917721 
Packet Send 
tmp|time:: 27.968346|1597917752 
Packet Send 
tmp|time:: 27.968346|1597917767 
Packet Send 
tmp|time:: 28.052673|1597917814 
Packet Send 
tmp|time:: 27.968346|1597917845 
Packet Send 
tmp|time:: 27.912148|1597917876 
Packet Send 
tmp|time:: 28.025810|1597917907 
Packet Send 
tmp|time:: 28.052673|1597917938 
Packet Send 
tmp|time:: 28.025810|1597917969 
Packet Send 
tmp|time:: 28.082222|1597917999 
Packet Send 
tmp|time:: 28.082222|1597918030 
Packet Send 
tmp|time:: 28.082222|1597918046 
Packet Send 
tmp|time:: 28.025810|1597918077 
Packet Send 
tmp|time:: 28.052673|1597918108 
Packet Send 
tmp|time:: 28.138626|1597918139 
Packet Send 
tmp|time:: 28.052673|1597918169 
Packet Send 
tmp|time:: 27.968346|1597918200 
Packet Send 
tmp|time:: 28.052673|1597918231 
Packet Send 
tmp|time:: 28.138626|1597918262 
Packet Send 
tmp|time:: 28.052673|1597918293 
Packet Send 
tmp|time:: 28.082222|1597918324 
Packet Send 
tmp|time:: 28.025810|1597918355 
Packet Send 
tmp|time:: 27.968346|1597918386 
Packet Send 
tmp|time:: 28.025810|1597918417 
Packet Send 
tmp|time:: 28.025810|1597918448 
Packet Send 
tmp|time:: 27.968346|1597918479 
Packet Send 
tmp|time:: 27.912148|1597918510 
Packet Send 
tmp|time:: 27.940247|1597918541 
Packet Send 
tmp|time:: 28.025810|1597918571 
Packet Send 
tmp|time:: 28.025810|1597918602 
Packet Send 
tmp|time:: 27.968346|1597918618 
Packet Send 
tmp|time:: 28.082222|1597918649 
Packet Send 
tmp|time:: 28.025810|1597918680 
Packet Send 
tmp|time:: 28.025810|1597918711 
Packet Send 
tmp|time:: 27.996452|1597918741 
Packet Send 
tmp|time:: 28.025810|1597918772 
Packet Send 
tmp|time:: 28.082222|1597918803 
Packet Send 
tmp|time:: 28.082222|1597918834 
Packet Send 
tmp|time:: 28.082222|1597918865 
Packet Send 
tmp|time:: 28.052673|1597918896 
Packet Send 
tmp|time:: 28.025810|1597918927 
Packet Send 
tmp|time:: 28.082222|1597918958 
Packet Send 
tmp|time:: 28.168175|1597918989 
Packet Send 
tmp|time:: 28.052673|1597919020 
Packet Send 
tmp|time:: 28.025810|1597919051 
Packet Send 
SendTemp.py PID IS ==> 591 
Post Data Status is ON 
POST DATA DAEMON ~~ 
Going To Run Main Function... 
tmp|time:: 28.310532|1597852375 
Packet Send 
tmp|time:: 28.396484|1597852390 
Packet Send 
tmp|time:: 28.254120|1597852421 
Packet Send 
tmp|time:: 28.283669|1597852437 
Packet Send 
tmp|time:: 28.283669|1597852468 
Packet Send 
tmp|time:: 28.224579|1597852499 
Packet Send 
tmp|time:: 28.254120|1597852530 
Packet Send 
tmp|time:: 28.254120|1597852561 
Packet Send 
tmp|time:: 28.310532|1597852592 
Packet Send 
tmp|time:: 28.366936|1597852607 
Packet Send 
tmp|time:: 28.254120|1597852653 
Packet Send 
tmp|time:: 28.340073|1597852684 
Packet Send 
tmp|time:: 28.310532|1597852715 
Packet Send 
tmp|time:: 28.423340|1597852746 
Packet Send 
tmp|time:: 28.452888|1597852777 
Packet Send 
tmp|time:: 28.340073|1597852808 
Packet Send 
tmp|time:: 28.423340|1597852839 
Packet Send 
tmp|time:: 28.452888|1597852870 
Packet Send 
tmp|time:: 28.423340|1597852901 
Packet Send 
tmp|time:: 28.396484|1597852932 
Packet Send 
tmp|time:: 28.283669|1597852963 
Packet Send 
tmp|time:: 28.340073|1597852978 
Packet Send 
tmp|time:: 28.366936|1597853009 
Packet Send 
tmp|time:: 28.340073|1597853040 
Packet Send 
tmp|time:: 28.366936|1597853071 
Packet Send 
tmp|time:: 28.310532|1597853102 
Packet Send 
tmp|time:: 28.396484|1597853133 
Packet Send 
tmp|time:: 28.423340|1597853164 
Packet Send 
tmp|time:: 28.423340|1597853194 
Packet Send 
tmp|time:: 28.452888|1597853225 
Packet Send 
tmp|time:: 28.479744|1597853256 
Packet Send 
tmp|time:: 28.536156|1597853287 
Packet Send 
tmp|time:: 28.565697|1597853318 
Packet Send 
tmp|time:: 28.536156|1597853349 
Packet Send 
tmp|time:: 28.509293|1597853380 
Packet Send 
tmp|time:: 28.509293|1597853411 
Packet Send 
tmp|time:: 28.479744|1597853442 
Packet Send 
tmp|time:: 28.536156|1597853473 
Packet Send 
tmp|time:: 28.283669|1597853504 
Packet Send 
tmp|time:: 28.168175|1597853535 
Packet Send 
tmp|time:: 28.052673|1597853550 
Packet Send 
tmp|time:: 27.858498|1597853581 
Packet Send 
tmp|time:: 28.423340|1597853612 
Packet Send 
tmp|time:: 28.536156|1597853643 
Packet Send 
tmp|time:: 28.310532|1597853674 
Packet Send 
tmp|time:: 28.138626|1597853705 
Packet Send 
tmp|time:: 28.111763|1597853736 
Packet Send 
tmp|time:: 28.310532|1597853766 
Packet Send 
tmp|time:: 28.283669|1597853797 
Packet Send 
tmp|time:: 28.509293|1597853828 
Packet Send 
tmp|time:: 27.912148|1597853859 
Packet Send 
tmp|time:: 27.633698|1597853890 
Packet Send 
tmp|time:: 28.224579|1597853921 
Packet Send 
tmp|time:: 28.366936|1597853952 
Packet Send 
tmp|time:: 27.465088|1597853983 
Packet Send 
tmp|time:: 27.378235|1597854014 
Packet Send 
tmp|time:: 27.493195|1597854044 
Packet Send 
tmp|time:: 27.577492|1597854075 
Packet Send 
tmp|time:: 27.858498|1597854106 
Packet Send 
tmp|time:: 27.802299|1597854122 
Packet Send 
tmp|time:: 27.912148|1597854153 
Packet Send 
tmp|time:: 27.549393|1597854184 
Packet Send 
tmp|time:: 27.465088|1597854214 
Packet Send 
tmp|time:: 27.746101|1597854245 
Packet Send 
tmp|time:: 27.689896|1597854276 
Packet Send 
tmp|time:: 27.830399|1597854307 
Packet Send 
tmp|time:: 27.858498|1597854338 
Packet Send 
tmp|time:: 27.996452|1597854369 
Packet Send 
tmp|time:: 27.912148|1597854400 
Packet Send 
tmp|time:: 28.025810|1597854431 
Packet Send 
tmp|time:: 27.605598|1597854462 
Packet Send 
tmp|time:: 27.577492|1597854493 
Packet Send 
tmp|time:: 27.549393|1597854524 
Packet Send 
tmp|time:: 27.802299|1597854555 
Packet Send 
tmp|time:: 27.633698|1597854585 
Packet Send 
tmp|time:: 27.521294|1597854616 
Packet Send 
tmp|time:: 27.858498|1597854647 
Packet Send 
tmp|time:: 27.830399|1597854678 
Packet Send 
tmp|time:: 27.746101|1597854694 
Packet Send 
tmp|time:: 27.717995|1597854725 
Packet Send 
tmp|time:: 27.940247|1597854756 
Packet Send 
tmp|time:: 27.912148|1597854787 
Packet Send 
tmp|time:: 27.996452|1597854817 
Packet Send 
tmp|time:: 27.996452|1597854848 
Packet Send 
tmp|time:: 28.111763|1597854879 
Packet Send 
tmp|time:: 28.138626|1597854910 
Packet Send 
tmp|time:: 28.025810|1597854941 
Packet Send 
tmp|time:: 28.138626|1597854972 
Packet Send 
tmp|time:: 28.138626|1597855003 
Packet Send 
tmp|time:: 28.082222|1597855034 
Packet Send 
tmp|time:: 27.968346|1597855065 
Packet Send 
tmp|time:: 28.082222|1597855096 
Packet Send 
tmp|time:: 28.082222|1597855127 
Packet Send 
tmp|time:: 27.968346|1597855158 
Packet Send 
tmp|time:: 28.052673|1597855189 
Packet Send 
tmp|time:: 28.082222|1597855220 
Packet Send 
tmp|time:: 28.111763|1597855250 
Packet Send 
tmp|time:: 28.168175|1597855266 
Packet Send 
tmp|time:: 28.052673|1597855297 
Packet Send 
tmp|time:: 28.082222|1597855328 
Packet Send 
tmp|time:: 28.082222|1597855359 
Packet Send 
tmp|time:: 28.168175|1597855390 
Packet Send 
tmp|time:: 28.138626|1597855421 
Packet Send 
tmp|time:: 28.082222|1597855452 
Packet Send 
tmp|time:: 28.111763|1597855482 
Packet Send 
tmp|time:: 28.052673|1597855513 
Packet Send 
tmp|time:: 28.168175|1597855544 
Packet Send 
tmp|time:: 28.168175|1597855575 
Packet Send 
tmp|time:: 28.168175|1597855606 
Packet Send 
tmp|time:: 28.138626|1597855637 
Packet Send 
tmp|time:: 27.968346|1597855668 
Packet Send 
tmp|time:: 27.968346|1597855699 
Packet Send 
tmp|time:: 28.224579|1597855730 
Packet Send 
tmp|time:: 28.732231|1597855761 
Packet Send 
tmp|time:: 28.565697|1597855792 
Packet Send 
tmp|time:: 28.949799|1597855807 
Packet Send 
tmp|time:: 28.138626|1597855838 
Packet Send 
tmp|time:: 28.197716|1597855869 
Packet Send 
tmp|time:: 28.138626|1597855900 
Packet Send 
tmp|time:: 28.366936|1597855931 
Packet Send 
tmp|time:: 28.111763|1597855962 
Packet Send 
tmp|time:: 27.968346|1597855993 
Packet Send 
tmp|time:: 28.025810|1597856023 
Packet Send 
tmp|time:: 28.254120|1597856054 
Packet Send 
tmp|time:: 28.732231|1597856085 
Packet Send 
tmp|time:: 28.592560|1597856116 
Packet Send 
tmp|time:: 28.759094|1597856147 
Packet Send 
tmp|time:: 28.732231|1597856163 
Packet Send 
tmp|time:: 28.648964|1597856209 
Packet Send 
tmp|time:: 28.702682|1597856240 
Packet Send 
tmp|time:: 28.536156|1597856271 
Packet Send 
tmp|time:: 29.511932|1597856302 
Packet Send 
tmp|time:: 28.842354|1597856332 
Packet Send 
tmp|time:: 28.592560|1597856363 
Packet Send 
tmp|time:: 28.619423|1597856394 
Packet Send 
tmp|time:: 29.062988|1597856410 
Packet Send 
tmp|time:: 28.732231|1597856441 
Packet Send 
tmp|time:: 28.812813|1597856472 
Packet Send 
tmp|time:: 28.732231|1597856502 
Packet Send 
tmp|time:: 28.168175|1597856533 
Packet Send 
tmp|time:: 28.197716|1597856564 
Packet Send 
tmp|time:: 28.423340|1597856595 
Packet Send 
tmp|time:: 28.565697|1597856626 
Packet Send 
